<?xml version="1.0" encoding="UTF-8"?>
<testsuite xmlns:xsi="http://www.w3.org/2001/XMLSchema-instance" xsi:noNamespaceSchemaLocation="https://maven.apache.org/surefire/maven-surefire-plugin/xsd/surefire-test-report-3.0.xsd" version="3.0" name="top.soft.classoa.service.UserServiceTest" time="0.528" tests="3" errors="2" skipped="0" failures="0">
  <properties>
[...]
</properties>
  <testcase name="notExitUser" classname="top.soft.classoa.service.UserServiceTest" time="0.471">
    <error message="用户名不存在" type="javax.security.auth.login.LoginException"><![CDATA[javax.security.auth.login.LoginException: 用户名不存在
	at top.soft.classoa.service.UserService.login(UserService.java:20)
	at top.soft.classoa.service.UserServiceTest.notExitUser(UserServiceTest.java:21)
	at java.base/java.lang.reflect.Method.invoke(Method.java:568)
	at java.base/java.util.ArrayList.forEach(ArrayList.java:1511)
	at java.base/java.util.ArrayList.forEach(ArrayList.java:1511)
]]></error>
    <system-out><![CDATA[16:23:01.770 [main] INFO com.alibaba.druid.pool.DruidDataSource -- {dataSource-1} inited
16:23:01.795 [main] DEBUG org.apache.ibatis.logging.LogFactory -- Logging initialized using 'class org.apache.ibatis.logging.slf4j.Slf4jImpl' adapter.
16:23:01.802 [main] DEBUG org.apache.ibatis.transaction.jdbc.JdbcTransaction -- Opening JDBC Connection
16:23:01.804 [main] DEBUG org.apache.ibatis.transaction.jdbc.JdbcTransaction -- Setting autocommit to false on JDBC Connection [com.mysql.cj.jdbc.ConnectionImpl@117e0fe5]
16:23:01.812 [main] DEBUG top.soft.classoa.mapper.UserMapper.selectByUsername -- ==>  Preparing: select * from sys_user where username =?
16:23:01.831 [main] DEBUG top.soft.classoa.mapper.UserMapper.selectByUsername -- ==> Parameters: t71(String)
16:23:01.850 [main] DEBUG top.soft.classoa.mapper.UserMapper.selectByUsername -- <==      Total: 0
16:23:01.852 [main] DEBUG org.apache.ibatis.transaction.jdbc.JdbcTransaction -- Resetting autocommit to true on JDBC Connection [com.mysql.cj.jdbc.ConnectionImpl@117e0fe5]
16:23:01.855 [main] DEBUG org.apache.ibatis.transaction.jdbc.JdbcTransaction -- Closing JDBC Connection [com.mysql.cj.jdbc.ConnectionImpl@117e0fe5]
]]></system-out>
  </testcase>
  <testcase name="login" classname="top.soft.classoa.service.UserServiceTest" time="0.021">
    <system-out><![CDATA[16:23:01.869 [main] DEBUG org.apache.ibatis.transaction.jdbc.JdbcTransaction -- Opening JDBC Connection
16:23:01.869 [main] DEBUG org.apache.ibatis.transaction.jdbc.JdbcTransaction -- Setting autocommit to false on JDBC Connection [com.mysql.cj.jdbc.ConnectionImpl@117e0fe5]
16:23:01.869 [main] DEBUG top.soft.classoa.mapper.UserMapper.selectByUsername -- ==>  Preparing: select * from sys_user where username =?
16:23:01.870 [main] DEBUG top.soft.classoa.mapper.UserMapper.selectByUsername -- ==> Parameters: t7(String)
16:23:01.875 [main] DEBUG top.soft.classoa.mapper.UserMapper.selectByUsername -- <==      Total: 1
16:23:01.875 [main] DEBUG org.apache.ibatis.transaction.jdbc.JdbcTransaction -- Resetting autocommit to true on JDBC Connection [com.mysql.cj.jdbc.ConnectionImpl@117e0fe5]
16:23:01.876 [main] DEBUG org.apache.ibatis.transaction.jdbc.JdbcTransaction -- Closing JDBC Connection [com.mysql.cj.jdbc.ConnectionImpl@117e0fe5]
User(userId=2, username=t7, password=dcfa022748271dccf5532c834e98ad08, employeeId=2, salt=189)
]]></system-out>
  </testcase>
  <testcase name="errorPassword" classname="top.soft.classoa.service.UserServiceTest" time="0.003">
    <error message="密码错误" type="javax.security.auth.login.LoginException"><![CDATA[javax.security.auth.login.LoginException: 密码错误
	at top.soft.classoa.service.UserService.login(UserService.java:25)
	at top.soft.classoa.service.UserServiceTest.errorPassword(UserServiceTest.java:27)
	at java.base/java.lang.reflect.Method.invoke(Method.java:568)
	at java.base/java.util.ArrayList.forEach(ArrayList.java:1511)
	at java.base/java.util.ArrayList.forEach(ArrayList.java:1511)
]]></error>
    <system-out><![CDATA[16:23:01.890 [main] DEBUG org.apache.ibatis.transaction.jdbc.JdbcTransaction -- Opening JDBC Connection
16:23:01.890 [main] DEBUG org.apache.ibatis.transaction.jdbc.JdbcTransaction -- Setting autocommit to false on JDBC Connection [com.mysql.cj.jdbc.ConnectionImpl@117e0fe5]
16:23:01.891 [main] DEBUG top.soft.classoa.mapper.UserMapper.selectByUsername -- ==>  Preparing: select * from sys_user where username =?
16:23:01.891 [main] DEBUG top.soft.classoa.mapper.UserMapper.selectByUsername -- ==> Parameters: t7(String)
16:23:01.891 [main] DEBUG top.soft.classoa.mapper.UserMapper.selectByUsername -- <==      Total: 1
16:23:01.892 [main] DEBUG org.apache.ibatis.transaction.jdbc.JdbcTransaction -- Resetting autocommit to true on JDBC Connection [com.mysql.cj.jdbc.ConnectionImpl@117e0fe5]
16:23:01.892 [main] DEBUG org.apache.ibatis.transaction.jdbc.JdbcTransaction -- Closing JDBC Connection [com.mysql.cj.jdbc.ConnectionImpl@117e0fe5]
]]></system-out>
  </testcase>
</testsuite>